  operations.cpp
C:\Users\ling\Desktop\21307008黄鑫Project1\Polynomail Calculator2.1 by VS\Polynomail Calculator2.1\operations.cpp(22,32): error C2065: “greater”: 未声明的标识符
C:\Users\ling\Desktop\21307008黄鑫Project1\Polynomail Calculator2.1 by VS\Polynomail Calculator2.1\operations.cpp(22,39): error C2059: 语法错误:“>”
C:\Users\ling\Desktop\21307008黄鑫Project1\Polynomail Calculator2.1 by VS\Polynomail Calculator2.1\operations.cpp(22): error C2062: 意外的类型“unknown-type”
C:\Users\ling\Desktop\21307008黄鑫Project1\Polynomail Calculator2.1 by VS\Polynomail Calculator2.1\operations.cpp(26,29): error C2065: “greater”: 未声明的标识符
C:\Users\ling\Desktop\21307008黄鑫Project1\Polynomail Calculator2.1 by VS\Polynomail Calculator2.1\operations.cpp(26,36): error C2059: 语法错误:“>”
C:\Users\ling\Desktop\21307008黄鑫Project1\Polynomail Calculator2.1 by VS\Polynomail Calculator2.1\operations.cpp(26,37): error C2143: 语法错误: 缺少“)”(在“>”的前面)
C:\Users\ling\Desktop\21307008黄鑫Project1\Polynomail Calculator2.1 by VS\Polynomail Calculator2.1\operations.cpp(26,37): error C2059: 语法错误:“>”
C:\Users\ling\Desktop\21307008黄鑫Project1\Polynomail Calculator2.1 by VS\Polynomail Calculator2.1\operations.cpp(26,44): error C2059: 语法错误:“)”
C:\Users\ling\Desktop\21307008黄鑫Project1\Polynomail Calculator2.1 by VS\Polynomail Calculator2.1\operations.cpp(26,46): error C2143: 语法错误: 缺少“;”(在“{”的前面)
C:\Users\ling\Desktop\21307008黄鑫Project1\Polynomail Calculator2.1 by VS\Polynomail Calculator2.1\operations.cpp(26,46): error C2447: “{”: 缺少函数标题(是否是老式的形式表?)
C:\Users\ling\Desktop\21307008黄鑫Project1\Polynomail Calculator2.1 by VS\Polynomail Calculator2.1\operations.cpp(96,31): error C2065: “greater”: 未声明的标识符
C:\Users\ling\Desktop\21307008黄鑫Project1\Polynomail Calculator2.1 by VS\Polynomail Calculator2.1\operations.cpp(96,38): error C2059: 语法错误:“>”
C:\Users\ling\Desktop\21307008黄鑫Project1\Polynomail Calculator2.1 by VS\Polynomail Calculator2.1\operations.cpp(96,39): error C2143: 语法错误: 缺少“)”(在“>”的前面)
C:\Users\ling\Desktop\21307008黄鑫Project1\Polynomail Calculator2.1 by VS\Polynomail Calculator2.1\operations.cpp(96,39): error C2059: 语法错误:“>”
C:\Users\ling\Desktop\21307008黄鑫Project1\Polynomail Calculator2.1 by VS\Polynomail Calculator2.1\operations.cpp(96,72): error C2065: “greater”: 未声明的标识符
C:\Users\ling\Desktop\21307008黄鑫Project1\Polynomail Calculator2.1 by VS\Polynomail Calculator2.1\operations.cpp(96,79): error C2059: 语法错误:“>”
C:\Users\ling\Desktop\21307008黄鑫Project1\Polynomail Calculator2.1 by VS\Polynomail Calculator2.1\operations.cpp(96,88): error C2059: 语法错误:“)”
C:\Users\ling\Desktop\21307008黄鑫Project1\Polynomail Calculator2.1 by VS\Polynomail Calculator2.1\operations.cpp(96,90): error C2143: 语法错误: 缺少“;”(在“{”的前面)
C:\Users\ling\Desktop\21307008黄鑫Project1\Polynomail Calculator2.1 by VS\Polynomail Calculator2.1\operations.cpp(96,90): error C2447: “{”: 缺少函数标题(是否是老式的形式表?)
C:\Users\ling\Desktop\21307008黄鑫Project1\Polynomail Calculator2.1 by VS\Polynomail Calculator2.1\operations.cpp(103,31): error C2065: “greater”: 未声明的标识符
C:\Users\ling\Desktop\21307008黄鑫Project1\Polynomail Calculator2.1 by VS\Polynomail Calculator2.1\operations.cpp(103,38): error C2059: 语法错误:“>”
C:\Users\ling\Desktop\21307008黄鑫Project1\Polynomail Calculator2.1 by VS\Polynomail Calculator2.1\operations.cpp(103,39): error C2143: 语法错误: 缺少“)”(在“>”的前面)
C:\Users\ling\Desktop\21307008黄鑫Project1\Polynomail Calculator2.1 by VS\Polynomail Calculator2.1\operations.cpp(103,39): error C2059: 语法错误:“>”
C:\Users\ling\Desktop\21307008黄鑫Project1\Polynomail Calculator2.1 by VS\Polynomail Calculator2.1\operations.cpp(103,72): error C2065: “greater”: 未声明的标识符
C:\Users\ling\Desktop\21307008黄鑫Project1\Polynomail Calculator2.1 by VS\Polynomail Calculator2.1\operations.cpp(103,79): error C2059: 语法错误:“>”
C:\Users\ling\Desktop\21307008黄鑫Project1\Polynomail Calculator2.1 by VS\Polynomail Calculator2.1\operations.cpp(103,88): error C2059: 语法错误:“)”
C:\Users\ling\Desktop\21307008黄鑫Project1\Polynomail Calculator2.1 by VS\Polynomail Calculator2.1\operations.cpp(103,90): error C2143: 语法错误: 缺少“;”(在“{”的前面)
C:\Users\ling\Desktop\21307008黄鑫Project1\Polynomail Calculator2.1 by VS\Polynomail Calculator2.1\operations.cpp(103,90): error C2447: “{”: 缺少函数标题(是否是老式的形式表?)
C:\Users\ling\Desktop\21307008黄鑫Project1\Polynomail Calculator2.1 by VS\Polynomail Calculator2.1\operations.cpp(110,31): error C2065: “greater”: 未声明的标识符
C:\Users\ling\Desktop\21307008黄鑫Project1\Polynomail Calculator2.1 by VS\Polynomail Calculator2.1\operations.cpp(110,38): error C2059: 语法错误:“>”
C:\Users\ling\Desktop\21307008黄鑫Project1\Polynomail Calculator2.1 by VS\Polynomail Calculator2.1\operations.cpp(110,39): error C2143: 语法错误: 缺少“)”(在“>”的前面)
C:\Users\ling\Desktop\21307008黄鑫Project1\Polynomail Calculator2.1 by VS\Polynomail Calculator2.1\operations.cpp(110,39): error C2059: 语法错误:“>”
C:\Users\ling\Desktop\21307008黄鑫Project1\Polynomail Calculator2.1 by VS\Polynomail Calculator2.1\operations.cpp(110,74): error C2065: “greater”: 未声明的标识符
C:\Users\ling\Desktop\21307008黄鑫Project1\Polynomail Calculator2.1 by VS\Polynomail Calculator2.1\operations.cpp(110,81): error C2059: 语法错误:“>”
C:\Users\ling\Desktop\21307008黄鑫Project1\Polynomail Calculator2.1 by VS\Polynomail Calculator2.1\operations.cpp(110,115): error C2065: “greater”: 未声明的标识符
C:\Users\ling\Desktop\21307008黄鑫Project1\Polynomail Calculator2.1 by VS\Polynomail Calculator2.1\operations.cpp(110,122): error C2059: 语法错误:“>”
C:\Users\ling\Desktop\21307008黄鑫Project1\Polynomail Calculator2.1 by VS\Polynomail Calculator2.1\operations.cpp(110,131): error C2059: 语法错误:“)”
C:\Users\ling\Desktop\21307008黄鑫Project1\Polynomail Calculator2.1 by VS\Polynomail Calculator2.1\operations.cpp(110,133): error C2143: 语法错误: 缺少“;”(在“{”的前面)
C:\Users\ling\Desktop\21307008黄鑫Project1\Polynomail Calculator2.1 by VS\Polynomail Calculator2.1\operations.cpp(110,133): error C2447: “{”: 缺少函数标题(是否是老式的形式表?)
C:\Users\ling\Desktop\21307008黄鑫Project1\Polynomail Calculator2.1 by VS\Polynomail Calculator2.1\operations.cpp(122,9): error C2065: “poly_house”: 未声明的标识符
C:\Users\ling\Desktop\21307008黄鑫Project1\Polynomail Calculator2.1 by VS\Polynomail Calculator2.1\operations.cpp(123,81): error C2065: “endl”: 未声明的标识符
C:\Users\ling\Desktop\21307008黄鑫Project1\Polynomail Calculator2.1 by VS\Polynomail Calculator2.1\operations.cpp(126,50): error C2065: “endl”: 未声明的标识符
C:\Users\ling\Desktop\21307008黄鑫Project1\Polynomail Calculator2.1 by VS\Polynomail Calculator2.1\operations.cpp(127,25): error C2065: “poly_house”: 未声明的标识符
C:\Users\ling\Desktop\21307008黄鑫Project1\Polynomail Calculator2.1 by VS\Polynomail Calculator2.1\operations.cpp(129,15): error C2065: “poly_house”: 未声明的标识符
C:\Users\ling\Desktop\21307008黄鑫Project1\Polynomail Calculator2.1 by VS\Polynomail Calculator2.1\operations.cpp(130,17): error C2065: “endl”: 未声明的标识符
C:\Users\ling\Desktop\21307008黄鑫Project1\Polynomail Calculator2.1 by VS\Polynomail Calculator2.1\operations.cpp(132,13): error C2065: “endl”: 未声明的标识符
C:\Users\ling\Desktop\21307008黄鑫Project1\Polynomail Calculator2.1 by VS\Polynomail Calculator2.1\operations.cpp(137,22): error C2065: “greater”: 未声明的标识符
C:\Users\ling\Desktop\21307008黄鑫Project1\Polynomail Calculator2.1 by VS\Polynomail Calculator2.1\operations.cpp(137,29): error C2059: 语法错误:“>”
C:\Users\ling\Desktop\21307008黄鑫Project1\Polynomail Calculator2.1 by VS\Polynomail Calculator2.1\operations.cpp(137,30): error C2059: 语法错误:“>”
C:\Users\ling\Desktop\21307008黄鑫Project1\Polynomail Calculator2.1 by VS\Polynomail Calculator2.1\operations.cpp(138,76): error C2065: “endl”: 未声明的标识符
C:\Users\ling\Desktop\21307008黄鑫Project1\Polynomail Calculator2.1 by VS\Polynomail Calculator2.1\operations.cpp(147,84): error C2065: “endl”: 未声明的标识符
C:\Users\ling\Desktop\21307008黄鑫Project1\Polynomail Calculator2.1 by VS\Polynomail Calculator2.1\operations.cpp(151,9): error C2065: “poly”: 未声明的标识符
C:\Users\ling\Desktop\21307008黄鑫Project1\Polynomail Calculator2.1 by VS\Polynomail Calculator2.1\operations.cpp(152,13): error C2065: “poly”: 未声明的标识符
C:\Users\ling\Desktop\21307008黄鑫Project1\Polynomail Calculator2.1 by VS\Polynomail Calculator2.1\operations.cpp(152,29): error C2065: “poly”: 未声明的标识符
C:\Users\ling\Desktop\21307008黄鑫Project1\Polynomail Calculator2.1 by VS\Polynomail Calculator2.1\operations.cpp(155,52): error C2065: “endl”: 未声明的标识符
C:\Users\ling\Desktop\21307008黄鑫Project1\Polynomail Calculator2.1 by VS\Polynomail Calculator2.1\operations.cpp(156,11): error C2065: “poly”: 未声明的标识符
C:\Users\ling\Desktop\21307008黄鑫Project1\Polynomail Calculator2.1 by VS\Polynomail Calculator2.1\operations.cpp(157,13): error C2065: “endl”: 未声明的标识符
C:\Users\ling\Desktop\21307008黄鑫Project1\Polynomail Calculator2.1 by VS\Polynomail Calculator2.1\operations.cpp(157,55): error C2065: “endl”: 未声明的标识符
C:\Users\ling\Desktop\21307008黄鑫Project1\Polynomail Calculator2.1 by VS\Polynomail Calculator2.1\operations.cpp(161,9): error C2065: “poly_house”: 未声明的标识符
C:\Users\ling\Desktop\21307008黄鑫Project1\Polynomail Calculator2.1 by VS\Polynomail Calculator2.1\operations.cpp(161,33): error C2065: “poly”: 未声明的标识符
C:\Users\ling\Desktop\21307008黄鑫Project1\Polynomail Calculator2.1 by VS\Polynomail Calculator2.1\operations.cpp(162,38): error C2065: “poly_house”: 未声明的标识符
C:\Users\ling\Desktop\21307008黄鑫Project1\Polynomail Calculator2.1 by VS\Polynomail Calculator2.1\operations.cpp(162,63): error C2065: “endl”: 未声明的标识符
C:\Users\ling\Desktop\21307008黄鑫Project1\Polynomail Calculator2.1 by VS\Polynomail Calculator2.1\operations.cpp(172,79): error C2065: “endl”: 未声明的标识符
C:\Users\ling\Desktop\21307008黄鑫Project1\Polynomail Calculator2.1 by VS\Polynomail Calculator2.1\operations.cpp(174,9): error C2065: “poly_house”: 未声明的标识符
C:\Users\ling\Desktop\21307008黄鑫Project1\Polynomail Calculator2.1 by VS\Polynomail Calculator2.1\operations.cpp(175,74): error C2065: “endl”: 未声明的标识符
C:\Users\ling\Desktop\21307008黄鑫Project1\Polynomail Calculator2.1 by VS\Polynomail Calculator2.1\operations.cpp(179,13): error C2065: “endl”: 未声明的标识符
C:\Users\ling\Desktop\21307008黄鑫Project1\Polynomail Calculator2.1 by VS\Polynomail Calculator2.1\operations.cpp(179,36): error C2065: “poly_house”: 未声明的标识符
C:\Users\ling\Desktop\21307008黄鑫Project1\Polynomail Calculator2.1 by VS\Polynomail Calculator2.1\operations.cpp(179,87): error C2065: “poly_house”: 未声明的标识符
C:\Users\ling\Desktop\21307008黄鑫Project1\Polynomail Calculator2.1 by VS\Polynomail Calculator2.1\operations.cpp(179,112): error C2065: “endl”: 未声明的标识符
C:\Users\ling\Desktop\21307008黄鑫Project1\Polynomail Calculator2.1 by VS\Polynomail Calculator2.1\operations.cpp(180,127): error C2065: “endl”: 未声明的标识符
C:\Users\ling\Desktop\21307008黄鑫Project1\Polynomail Calculator2.1 by VS\Polynomail Calculator2.1\operations.cpp(181,70): error C2065: “endl”: 未声明的标识符
C:\Users\ling\Desktop\21307008黄鑫Project1\Polynomail Calculator2.1 by VS\Polynomail Calculator2.1\operations.cpp(185,41): error C2065: “poly_house”: 未声明的标识符
C:\Users\ling\Desktop\21307008黄鑫Project1\Polynomail Calculator2.1 by VS\Polynomail Calculator2.1\operations.cpp(185,91): error C2065: “poly_house”: 未声明的标识符
C:\Users\ling\Desktop\21307008黄鑫Project1\Polynomail Calculator2.1 by VS\Polynomail Calculator2.1\operations.cpp(191,49): error C2065: “endl”: 未声明的标识符
C:\Users\ling\Desktop\21307008黄鑫Project1\Polynomail Calculator2.1 by VS\Polynomail Calculator2.1\operations.cpp(201,42): error C2065: “poly_house”: 未声明的标识符
C:\Users\ling\Desktop\21307008黄鑫Project1\Polynomail Calculator2.1 by VS\Polynomail Calculator2.1\operations.cpp(201,92): error C2065: “poly_house”: 未声明的标识符
C:\Users\ling\Desktop\21307008黄鑫Project1\Polynomail Calculator2.1 by VS\Polynomail Calculator2.1\operations.cpp(202,69): error C2065: “endl”: 未声明的标识符
C:\Users\ling\Desktop\21307008黄鑫Project1\Polynomail Calculator2.1 by VS\Polynomail Calculator2.1\operations.cpp(204,64): error C2065: “endl”: 未声明的标识符
C:\Users\ling\Desktop\21307008黄鑫Project1\Polynomail Calculator2.1 by VS\Polynomail Calculator2.1\operations.cpp(205,19): error C2065: “poly_house”: 未声明的标识符
C:\Users\ling\Desktop\21307008黄鑫Project1\Polynomail Calculator2.1 by VS\Polynomail Calculator2.1\operations.cpp(207,19): error C2065: “poly_house”: 未声明的标识符
C:\Users\ling\Desktop\21307008黄鑫Project1\Polynomail Calculator2.1 by VS\Polynomail Calculator2.1\operations.cpp(208,21): error C2065: “endl”: 未声明的标识符
C:\Users\ling\Desktop\21307008黄鑫Project1\Polynomail Calculator2.1 by VS\Polynomail Calculator2.1\operations.cpp(212,57): error C2065: “endl”: 未声明的标识符
C:\Users\ling\Desktop\21307008黄鑫Project1\Polynomail Calculator2.1 by VS\Polynomail Calculator2.1\operations.cpp(213,46): error C2065: “endl”: 未声明的标识符
C:\Users\ling\Desktop\21307008黄鑫Project1\Polynomail Calculator2.1 by VS\Polynomail Calculator2.1\operations.cpp(214,55): error C2065: “endl”: 未声明的标识符
C:\Users\ling\Desktop\21307008黄鑫Project1\Polynomail Calculator2.1 by VS\Polynomail Calculator2.1\operations.cpp(215,46): error C2065: “endl”: 未声明的标识符
C:\Users\ling\Desktop\21307008黄鑫Project1\Polynomail Calculator2.1 by VS\Polynomail Calculator2.1\operations.cpp(216,68): error C2065: “endl”: 未声明的标识符
C:\Users\ling\Desktop\21307008黄鑫Project1\Polynomail Calculator2.1 by VS\Polynomail Calculator2.1\operations.cpp(220,30): error C2065: “greater”: 未声明的标识符
C:\Users\ling\Desktop\21307008黄鑫Project1\Polynomail Calculator2.1 by VS\Polynomail Calculator2.1\operations.cpp(220,37): error C2059: 语法错误:“>”
C:\Users\ling\Desktop\21307008黄鑫Project1\Polynomail Calculator2.1 by VS\Polynomail Calculator2.1\operations.cpp(220,38): error C2059: 语法错误:“>”
C:\Users\ling\Desktop\21307008黄鑫Project1\Polynomail Calculator2.1 by VS\Polynomail Calculator2.1\operations.cpp(222,17): error C2065: “outcome”: 未声明的标识符
C:\Users\ling\Desktop\21307008黄鑫Project1\Polynomail Calculator2.1 by VS\Polynomail Calculator2.1\operations.cpp(222,27): error C2065: “poly_house”: 未声明的标识符
C:\Users\ling\Desktop\21307008黄鑫Project1\Polynomail Calculator2.1 by VS\Polynomail Calculator2.1\operations.cpp(223,25): error C2065: “outcome”: 未声明的标识符
C:\Users\ling\Desktop\21307008黄鑫Project1\Polynomail Calculator2.1 by VS\Polynomail Calculator2.1\operations.cpp(223,34): error C2065: “poly_house”: 未声明的标识符
C:\Users\ling\Desktop\21307008黄鑫Project1\Polynomail Calculator2.1 by VS\Polynomail Calculator2.1\operations.cpp(225,17): error C2065: “outcome”: 未声明的标识符
C:\Users\ling\Desktop\21307008黄鑫Project1\Polynomail Calculator2.1 by VS\Polynomail Calculator2.1\operations.cpp(225,27): error C2065: “poly_house”: 未声明的标识符
C:\Users\ling\Desktop\21307008黄鑫Project1\Polynomail Calculator2.1 by VS\Polynomail Calculator2.1\operations.cpp(226,25): error C2065: “outcome”: 未声明的标识符
C:\Users\ling\Desktop\21307008黄鑫Project1\Polynomail Calculator2.1 by VS\Polynomail Calculator2.1\operations.cpp(226,34): error C2065: “poly_house”: 未声明的标识符
C:\Users\ling\Desktop\21307008黄鑫Project1\Polynomail Calculator2.1 by VS\Polynomail Calculator2.1\operations.cpp(228,25): error C2065: “outcome”: 未声明的标识符
C:\Users\ling\Desktop\21307008黄鑫Project1\Polynomail Calculator2.1 by VS\Polynomail Calculator2.1\operations.cpp(228,34): error C2065: “poly_house”: 未声明的标识符
C:\Users\ling\Desktop\21307008黄鑫Project1\Polynomail Calculator2.1 by VS\Polynomail Calculator2.1\operations.cpp(228,56): error C2065: “poly_house”: 未声明的标识符
C:\Users\ling\Desktop\21307008黄鑫Project1\Polynomail Calculator2.1 by VS\Polynomail Calculator2.1\operations.cpp(234,17): error C2065: “outcome”: 未声明的标识符
C:\Users\ling\Desktop\21307008黄鑫Project1\Polynomail Calculator2.1 by VS\Polynomail Calculator2.1\operations.cpp(234,16): fatal  error C1003: 错误计数超过 100；正在停止编译
